{"name": "test_create_user_missing_field", "status": "failed", "statusDetails": {"message": "AssertionError: assert 403 == 400\n +  where 403 = <Response [403]>.status_code", "trace": "client = <utils.api_client.ApiClient object at 0x000001B4489B9760>\n\n    def test_create_user_missing_field(client):\n        data = {\"password\": \"password\", \"name\": \"MissingEmail\"}\n        response = client.create_user(data)\n>       assert response.status_code == 400\nE       assert 403 == 400\nE        +  where 403 = <Response [403]>.status_code\n\ntests\\test_user_creation.py:24: AssertionError"}, "start": 1730209345539, "stop": 1730209345696, "uuid": "e5c8ff67-0cca-4749-ae82-4b40c7cc50aa", "historyId": "6f73d51d111f6e0232ea0377e6905629", "testCaseId": "6f73d51d111f6e0232ea0377e6905629", "fullName": "tests.test_user_creation#test_create_user_missing_field", "labels": [{"name": "parentSuite", "value": "tests"}, {"name": "suite", "value": "test_user_creation"}, {"name": "host", "value": "WorkPC"}, {"name": "thread", "value": "14480-MainThread"}, {"name": "framework", "value": "pytest"}, {"name": "language", "value": "cpython3"}, {"name": "package", "value": "tests.test_user_creation"}]}