{"name": "test_create_user_with_missing_field", "status": "failed", "statusDetails": {"message": "AssertionError: assert 403 == 400\n +  where 403 = <Response [403]>.status_code", "trace": "self = <test_user_creation.TestUserCreation object at 0x000002490EA1DAC0>\n\n    @allure.story(\"Создать пользователя с пропущенным обязательным полем\")\n    def test_create_user_with_missing_field(self):\n        response = ApiClient.post(\"/auth/register\", data=missing_field_user)\n>       assert response.status_code == 400\nE       assert 403 == 400\nE        +  where 403 = <Response [403]>.status_code\n\ntests\\test_user_creation.py:25: AssertionError"}, "start": 1730386278219, "stop": 1730386278567, "uuid": "46b4502b-8c02-4e8b-b1a9-68801649f28c", "historyId": "cfdfd1d116dabca402a7e9e4e68f56eb", "testCaseId": "cfdfd1d116dabca402a7e9e4e68f56eb", "fullName": "tests.test_user_creation.TestUserCreation#test_create_user_with_missing_field", "labels": [{"name": "story", "value": "Создать пользователя с пропущенным обязательным полем"}, {"name": "feature", "value": "Создание пользователя"}, {"name": "parentSuite", "value": "tests"}, {"name": "suite", "value": "test_user_creation"}, {"name": "subSuite", "value": "TestUserCreation"}, {"name": "host", "value": "WorkPC"}, {"name": "thread", "value": "7096-MainThread"}, {"name": "framework", "value": "pytest"}, {"name": "language", "value": "cpython3"}, {"name": "package", "value": "tests.test_user_creation"}]}