{"name": "test_create_user_missing_field", "status": "failed", "statusDetails": {"message": "AssertionError: assert 403 == 400\n +  where 403 = <Response [403]>.status_code", "trace": "client = <utils.api_client.ApiClient object at 0x0000019F4D84FB00>\n\n    def test_create_user_missing_field(client):\n        data = {\"password\": \"password\", \"name\": \"MissingEmail\"}\n        response = client.create_user(data)\n>       assert response.status_code == 400\nE       assert 403 == 400\nE        +  where 403 = <Response [403]>.status_code\n\ntests\\test_user_creation.py:24: AssertionError"}, "start": 1729961600846, "stop": 1729961600892, "uuid": "944af967-fd62-4dfa-82a7-7862d18b195d", "historyId": "6f73d51d111f6e0232ea0377e6905629", "testCaseId": "6f73d51d111f6e0232ea0377e6905629", "fullName": "tests.test_user_creation#test_create_user_missing_field", "labels": [{"name": "parentSuite", "value": "tests"}, {"name": "suite", "value": "test_user_creation"}, {"name": "host", "value": "WorkPC"}, {"name": "thread", "value": "16360-MainThread"}, {"name": "framework", "value": "pytest"}, {"name": "language", "value": "cpython3"}, {"name": "package", "value": "tests.test_user_creation"}]}